# JRE version: Java(TM) SE Runtime Environment (8.0_191-b12) (build 1.8.0_191-b12)
# Java VM: Java HotSpot(TM) 64-Bit Server VM (25.191-b12 mixed mode windows-amd64 compressed oops)
Heap:
 PSYoungGen      total 38400K, used 35970K [0x00000000d5c00000, 0x00000000d8500000, 0x0000000100000000)
  eden space 34816K, 96% used [0x00000000d5c00000,0x00000000d7cf48d8,0x00000000d7e00000)
  from space 3584K, 62% used [0x00000000d7e00000,0x00000000d802bf68,0x00000000d8180000)
  to   space 3584K, 0% used [0x00000000d8180000,0x00000000d8180000,0x00000000d8500000)
 ParOldGen       total 140288K, used 66179K [0x0000000081400000, 0x0000000089d00000, 0x00000000d5c00000)
  object space 140288K, 47% used [0x0000000081400000,0x00000000854a0d68,0x0000000089d00000)
 Metaspace       used 58690K, capacity 62802K, committed 63064K, reserved 1103872K
  class space    used 7329K, capacity 7909K, committed 8024K, reserved 1048576K
GC Heap History (10 events):
Event: 44591.560 GC heap before
{Heap before GC invocations=466 (full 3):
 PSYoungGen      total 37376K, used 37173K [0x00000000d5c00000, 0x00000000d8300000, 0x0000000100000000)
  eden space 34816K, 100% used [0x00000000d5c00000,0x00000000d7e00000,0x00000000d7e00000)
  from space 2560K, 92% used [0x00000000d8080000,0x00000000d82cd688,0x00000000d8300000)
  to   space 2560K, 0% used [0x00000000d7e00000,0x00000000d7e00000,0x00000000d8080000)
 ParOldGen       total 140288K, used 66147K [0x0000000081400000, 0x0000000089d00000, 0x00000000d5c00000)
  object space 140288K, 47% used [0x0000000081400000,0x0000000085498d68,0x0000000089d00000)
 Metaspace       used 58663K, capacity 62796K, committed 63064K, reserved 1103872K
  class space    used 7324K, capacity 7908K, committed 8024K, reserved 1048576K
Event: 44591.565 GC heap after
Heap after GC invocations=466 (full 3):
 PSYoungGen      total 37376K, used 2506K [0x00000000d5c00000, 0x00000000d8400000, 0x0000000100000000)
  eden space 34816K, 0% used [0x00000000d5c00000,0x00000000d5c00000,0x00000000d7e00000)
  from space 2560K, 97% used [0x00000000d7e00000,0x00000000d8072b58,0x00000000d8080000)
  to   space 3072K, 0% used [0x00000000d8100000,0x00000000d8100000,0x00000000d8400000)
 ParOldGen       total 140288K, used 66147K [0x0000000081400000, 0x0000000089d00000, 0x00000000d5c00000)
  object space 140288K, 47% used [0x0000000081400000,0x0000000085498d68,0x0000000089d00000)
 Metaspace       used 58663K, capacity 62796K, committed 63064K, reserved 1103872K
  class space    used 7324K, capacity 7908K, committed 8024K, reserved 1048576K
}
Event: 44657.429 GC heap before
{Heap before GC invocations=467 (full 3):
 PSYoungGen      total 37376K, used 37322K [0x00000000d5c00000, 0x00000000d8400000, 0x0000000100000000)
  eden space 34816K, 100% used [0x00000000d5c00000,0x00000000d7e00000,0x00000000d7e00000)
  from space 2560K, 97% used [0x00000000d7e00000,0x00000000d8072b58,0x00000000d8080000)
  to   space 3072K, 0% used [0x00000000d8100000,0x00000000d8100000,0x00000000d8400000)
 ParOldGen       total 140288K, used 66147K [0x0000000081400000, 0x0000000089d00000, 0x00000000d5c00000)
  object space 140288K, 47% used [0x0000000081400000,0x0000000085498d68,0x0000000089d00000)
 Metaspace       used 58663K, capacity 62796K, committed 63064K, reserved 1103872K
  class space    used 7324K, capacity 7908K, committed 8024K, reserved 1048576K
Event: 44657.432 GC heap after
Heap after GC invocations=467 (full 3):
 PSYoungGen      total 37888K, used 2254K [0x00000000d5c00000, 0x00000000d8400000, 0x0000000100000000)
  eden space 34816K, 0% used [0x00000000d5c00000,0x00000000d5c00000,0x00000000d7e00000)
  from space 3072K, 73% used [0x00000000d8100000,0x00000000d8333b08,0x00000000d8400000)
  to   space 3072K, 0% used [0x00000000d7e00000,0x00000000d7e00000,0x00000000d8100000)
 ParOldGen       total 140288K, used 66147K [0x0000000081400000, 0x0000000089d00000, 0x00000000d5c00000)
  object space 140288K, 47% used [0x0000000081400000,0x0000000085498d68,0x0000000089d00000)
 Metaspace       used 58663K, capacity 62796K, committed 63064K, reserved 1103872K
  class space    used 7324K, capacity 7908K, committed 8024K, reserved 1048576K
}
Event: 44724.444 GC heap before
{Heap before GC invocations=468 (full 3):
 PSYoungGen      total 37888K, used 37070K [0x00000000d5c00000, 0x00000000d8400000, 0x0000000100000000)
  eden space 34816K, 100% used [0x00000000d5c00000,0x00000000d7e00000,0x00000000d7e00000)
  from space 3072K, 73% used [0x00000000d8100000,0x00000000d8333b08,0x00000000d8400000)
  to   space 3072K, 0% used [0x00000000d7e00000,0x00000000d7e00000,0x00000000d8100000)
 ParOldGen       total 140288K, used 66147K [0x0000000081400000, 0x0000000089d00000, 0x00000000d5c00000)
  object space 140288K, 47% used [0x0000000081400000,0x0000000085498d68,0x0000000089d00000)
 Metaspace       used 58663K, capacity 62796K, committed 63064K, reserved 1103872K
  class space    used 7324K, capacity 7908K, committed 8024K, reserved 1048576K
Event: 44724.455 GC heap after
Heap after GC invocations=468 (full 3):
 PSYoungGen      total 37888K, used 2125K [0x00000000d5c00000, 0x00000000d8500000, 0x0000000100000000)
  eden space 34816K, 0% used [0x00000000d5c00000,0x00000000d5c00000,0x00000000d7e00000)
  from space 3072K, 69% used [0x00000000d7e00000,0x00000000d80136a8,0x00000000d8100000)
  to   space 3584K, 0% used [0x00000000d8180000,0x00000000d8180000,0x00000000d8500000)
 ParOldGen       total 140288K, used 66147K [0x0000000081400000, 0x0000000089d00000, 0x00000000d5c00000)
  object space 140288K, 47% used [0x0000000081400000,0x0000000085498d68,0x0000000089d00000)
 Metaspace       used 58663K, capacity 62796K, committed 63064K, reserved 1103872K
  class space    used 7324K, capacity 7908K, committed 8024K, reserved 1048576K
}
Event: 44786.976 GC heap before
{Heap before GC invocations=469 (full 3):
 PSYoungGen      total 37888K, used 36941K [0x00000000d5c00000, 0x00000000d8500000, 0x0000000100000000)
  eden space 34816K, 100% used [0x00000000d5c00000,0x00000000d7e00000,0x00000000d7e00000)
  from space 3072K, 69% used [0x00000000d7e00000,0x00000000d80136a8,0x00000000d8100000)
  to   space 3584K, 0% used [0x00000000d8180000,0x00000000d8180000,0x00000000d8500000)
 ParOldGen       total 140288K, used 66147K [0x0000000081400000, 0x0000000089d00000, 0x00000000d5c00000)
  object space 140288K, 47% used [0x0000000081400000,0x0000000085498d68,0x0000000089d00000)
 Metaspace       used 58664K, capacity 62802K, committed 63064K, reserved 1103872K
  class space    used 7324K, capacity 7909K, committed 8024K, reserved 1048576K
Event: 44786.980 GC heap after
Heap after GC invocations=469 (full 3):
 PSYoungGen      total 38400K, used 2142K [0x00000000d5c00000, 0x00000000d8500000, 0x0000000100000000)
  eden space 34816K, 0% used [0x00000000d5c00000,0x00000000d5c00000,0x00000000d7e00000)
  from space 3584K, 59% used [0x00000000d8180000,0x00000000d8397b18,0x00000000d8500000)
  to   space 3584K, 0% used [0x00000000d7e00000,0x00000000d7e00000,0x00000000d8180000)
 ParOldGen       total 140288K, used 66163K [0x0000000081400000, 0x0000000089d00000, 0x00000000d5c00000)
  object space 140288K, 47% used [0x0000000081400000,0x000000008549cd68,0x0000000089d00000)
 Metaspace       used 58664K, capacity 62802K, committed 63064K, reserved 1103872K
  class space    used 7324K, capacity 7909K, committed 8024K, reserved 1048576K
}
Event: 44829.436 GC heap before
{Heap before GC invocations=470 (full 3):
 PSYoungGen      total 38400K, used 36958K [0x00000000d5c00000, 0x00000000d8500000, 0x0000000100000000)
  eden space 34816K, 100% used [0x00000000d5c00000,0x00000000d7e00000,0x00000000d7e00000)
  from space 3584K, 59% used [0x00000000d8180000,0x00000000d8397b18,0x00000000d8500000)
  to   space 3584K, 0% used [0x00000000d7e00000,0x00000000d7e00000,0x00000000d8180000)
 ParOldGen       total 140288K, used 66163K [0x0000000081400000, 0x0000000089d00000, 0x00000000d5c00000)
  object space 140288K, 47% used [0x0000000081400000,0x000000008549cd68,0x0000000089d00000)
 Metaspace       used 58664K, capacity 62802K, committed 63064K, reserved 1103872K
  class space    used 7324K, capacity 7909K, committed 8024K, reserved 1048576K
Event: 44829.440 GC heap after
Heap after GC invocations=470 (full 3):
 PSYoungGen      total 38400K, used 2223K [0x00000000d5c00000, 0x00000000d8500000, 0x0000000100000000)
  eden space 34816K, 0% used [0x00000000d5c00000,0x00000000d5c00000,0x00000000d7e00000)
  from space 3584K, 62% used [0x00000000d7e00000,0x00000000d802bf68,0x00000000d8180000)
  to   space 3584K, 0% used [0x00000000d8180000,0x00000000d8180000,0x00000000d8500000)
 ParOldGen       total 140288K, used 66179K [0x0000000081400000, 0x0000000089d00000, 0x00000000d5c00000)
  object space 140288K, 47% used [0x0000000081400000,0x00000000854a0d68,0x0000000089d00000)
 Metaspace       used 58664K, capacity 62802K, committed 63064K, reserved 1103872K
  class space    used 7324K, capacity 7909K, committed 8024K, reserved 1048576K
}

